Log file open, 06/16/19 20:36:23
LogWindows: Failed to load 'aqProf.dll' (GetLastError=126)
LogWindows: File 'aqProf.dll' does not exist
LogWindows: Failed to load 'VtuneApi.dll' (GetLastError=126)
LogWindows: File 'VtuneApi.dll' does not exist
LogWindows: Failed to load 'VtuneApi32e.dll' (GetLastError=126)
LogWindows: File 'VtuneApi32e.dll' does not exist
LogConsoleResponse: Display: Failed to find resolution value strings in scalability ini. Falling back to default.
LogInit: Display: Running engine for game: ArenaBattle
LogPakFile: Registered encryption key '00000000000000000000000000000000': 0 pak files mounted, 0 remain pending
LogPlatformFile: Not using cached read wrapper
LogTaskGraph: Started task graph with 5 named threads and 14 total threads with 3 sets of task threads.
LogStats: Stats thread started at 0.426436
LogD3D11RHI: Loaded GFSDK_Aftermath_Lib.x64.dll
LogICUInternationalization: ICU TimeZone Detection - Raw Offset: +9:00, Platform Override: ''
LogPluginManager: Mounting plugin Paper2D
LogPluginManager: Mounting plugin AISupport
LogPluginManager: Mounting plugin LightPropagationVolume
LogPluginManager: Mounting plugin ActorLayerUtilities
LogPluginManager: Mounting plugin AnimationSharing
LogPluginManager: Mounting plugin CLionSourceCodeAccess
LogPluginManager: Mounting plugin CodeLiteSourceCodeAccess
LogPluginManager: Mounting plugin GitSourceControl
LogPluginManager: Mounting plugin KDevelopSourceCodeAccess
LogPluginManager: Mounting plugin NullSourceCodeAccess
LogPluginManager: Mounting plugin PerforceSourceControl
LogPluginManager: Mounting plugin SubversionSourceControl
LogPluginManager: Mounting plugin UObjectPlugin
LogPluginManager: Mounting plugin VisualStudioCodeSourceCodeAccess
LogPluginManager: Mounting plugin VisualStudioSourceCodeAccess
LogPluginManager: Mounting plugin XCodeSourceCodeAccess
LogPluginManager: Mounting plugin AssetManagerEditor
LogPluginManager: Mounting plugin CryptoKeys
LogPluginManager: Mounting plugin DataValidation
LogPluginManager: Mounting plugin FacialAnimation
LogPluginManager: Mounting plugin GameplayTagsEditor
LogPluginManager: Mounting plugin MacGraphicsSwitching
LogPluginManager: Mounting plugin MaterialAnalyzer
LogPluginManager: Mounting plugin MobileLauncherProfileWizard
LogPluginManager: Mounting plugin PluginBrowser
LogPluginManager: Mounting plugin SpeedTreeImporter
LogPluginManager: Mounting plugin DatasmithContent
LogPluginManager: Mounting plugin VariantManagerContent
LogPluginManager: Mounting plugin AlembicImporter
LogPluginManager: Mounting plugin AppleImageUtils
LogPluginManager: Mounting plugin AppleVision
LogPluginManager: Mounting plugin BackChannel
LogPluginManager: Mounting plugin CharacterAI
LogPluginManager: Mounting plugin GeometryCache
LogPluginManager: Mounting plugin HTML5Networking
LogPluginManager: Mounting plugin ProxyLODPlugin
LogPluginManager: Mounting plugin SkeletalReduction
LogPluginManager: Mounting plugin MagicLeap
LogPluginManager: Mounting plugin MagicLeapMedia
LogPluginManager: Mounting plugin AndroidMedia
LogPluginManager: Mounting plugin AvfMedia
LogPluginManager: Mounting plugin ImgMedia
LogPluginManager: Mounting plugin LinearTimecode
LogPluginManager: Mounting plugin MediaCompositing
LogPluginManager: Mounting plugin MediaPlayerEditor
LogPluginManager: Mounting plugin WebMMedia
LogPluginManager: Mounting plugin WmfMedia
LogPluginManager: Mounting plugin TcpMessaging
LogPluginManager: Mounting plugin UdpMessaging
LogPluginManager: Mounting plugin ActorSequence
LogPluginManager: Mounting plugin LevelSequenceEditor
LogPluginManager: Mounting plugin MatineeToLevelSequence
LogPluginManager: Mounting plugin NetcodeUnitTest
LogPluginManager: Mounting plugin NUTUnrealEngine4
LogPluginManager: Mounting plugin OnlineSubsystemGooglePlay
LogPluginManager: Mounting plugin OnlineSubsystemIOS
LogPluginManager: Mounting plugin OnlineSubsystem
LogPluginManager: Mounting plugin OnlineSubsystemNull
LogPluginManager: Mounting plugin OnlineSubsystemUtils
LogPluginManager: Mounting plugin LauncherChunkInstaller
LogPluginManager: Mounting plugin AndroidDeviceProfileSelector
LogPluginManager: Mounting plugin AndroidMoviePlayer
LogPluginManager: Mounting plugin AndroidPermission
LogPluginManager: Mounting plugin AppleMoviePlayer
LogPluginManager: Mounting plugin ArchVisCharacter
LogPluginManager: Mounting plugin AudioCapture
LogPluginManager: Mounting plugin CableComponent
LogPluginManager: Mounting plugin CustomMeshComponent
LogPluginManager: Mounting plugin EditableMesh
LogPluginManager: Mounting plugin ExampleDeviceProfileSelector
LogPluginManager: Mounting plugin Firebase
LogPluginManager: Mounting plugin GoogleCloudMessaging
LogPluginManager: Mounting plugin IOSDeviceProfileSelector
LogPluginManager: Mounting plugin LinuxDeviceProfileSelector
LogPluginManager: Mounting plugin LocationServicesBPLibrary
LogPluginManager: Mounting plugin MobilePatchingUtils
LogPluginManager: Mounting plugin OculusVR
LogPluginManager: Mounting plugin PhysXVehicles
LogPluginManager: Mounting plugin ProceduralMeshComponent
LogPluginManager: Mounting plugin RuntimePhysXCooking
LogPluginManager: Mounting plugin SignificanceManager
LogPluginManager: Mounting plugin SteamVR
LogPluginManager: Mounting plugin WebMMoviePlayer
LogPluginManager: Mounting plugin WindowsMoviePlayer
LogInit: Using libcurl 7.55.1-DEV
LogInit:  - built for x86_64-pc-win32
LogInit:  - supports SSL with OpenSSL/1.1.1
LogInit:  - supports HTTP deflate (compression) using libz 1.2.8
LogInit:  - other features:
LogInit:      CURL_VERSION_SSL
LogInit:      CURL_VERSION_LIBZ
LogInit:      CURL_VERSION_IPV6
LogInit:      CURL_VERSION_ASYNCHDNS
LogInit:      CURL_VERSION_LARGEFILE
LogInit:      CURL_VERSION_IDN
LogInit:  CurlRequestOptions (configurable via config and command line):
LogInit:  - bVerifyPeer = true  - Libcurl will verify peer certificate
LogInit:  - bUseHttpProxy = false  - Libcurl will NOT use HTTP proxy
LogInit:  - bDontReuseConnections = false  - Libcurl will reuse connections
LogInit:  - MaxHostConnections = 16  - Libcurl will limit the number of connections to a host
LogInit:  - LocalHostAddr = Default
LogInit:  - BufferSize = 65536
LogInit: WinSock: version 1.1 (2.2), MaxSocks=32767, MaxUdp=65467
LogInit: Build: ++UE4+Release-4.22-CL-6574378
LogInit: Engine Version: 4.22.2-6574378+++UE4+Release-4.22
LogInit: Compatible Engine Version: 4.22.0-5660361+++UE4+Release-4.22
LogInit: Net CL: 5660361
LogInit: OS: Windows 10 (Release 1809) (), CPU:         Intel(R) Core(TM) i5-3570 CPU @ 3.40GHz, GPU: NVIDIA GeForce GTX 960
LogInit: Compiled (64-bit): May 20 2019 09:54:56
LogInit: Compiled with Visual C++: 19.16.27025.01
LogInit: Build Configuration: Development
LogInit: Branch Name: ++UE4+Release-4.22
LogInit: Command Line:  -skipcompile
LogInit: Base Directory: C:/Program Files/Epic Games/UE_4.22/Engine/Binaries/Win64/
LogInit: Installed Engine Build: 1
LogDevObjectVersion: Number of dev versions registered: 23
LogDevObjectVersion:   Dev-Blueprints (B0D832E4-1F89-4F0D-ACCF-7EB736FD4AA2): 10
LogDevObjectVersion:   Dev-Build (E1C64328-A22C-4D53-A36C-8E866417BD8C): 0
LogDevObjectVersion:   Dev-Core (375EC13C-06E4-48FB-B500-84F0262A717E): 3
LogDevObjectVersion:   Dev-Editor (E4B068ED-F494-42E9-A231-DA0B2E46BB41): 30
LogDevObjectVersion:   Dev-Framework (CFFC743F-43B0-4480-9391-14DF171D2073): 35
LogDevObjectVersion:   Dev-Mobile (B02B49B5-BB20-44E9-A304-32B752E40360): 2
LogDevObjectVersion:   Dev-Networking (A4E4105C-59A1-49B5-A7C5-40C4547EDFEE): 0
LogDevObjectVersion:   Dev-Online (39C831C9-5AE6-47DC-9A44-9C173E1C8E7C): 0
LogDevObjectVersion:   Dev-Physics (78F01B33-EBEA-4F98-B9B4-84EACCB95AA2): 0
LogDevObjectVersion:   Dev-Platform (6631380F-2D4D-43E0-8009-CF276956A95A): 0
LogDevObjectVersion:   Dev-Rendering (12F88B9F-8875-4AFC-A67C-D90C383ABD29): 28
LogDevObjectVersion:   Dev-Sequencer (7B5AE74C-D270-4C10-A958-57980B212A5A): 11
LogDevObjectVersion:   Dev-VR (D7296918-1DD6-4BDD-9DE2-64A83CC13884): 2
LogDevObjectVersion:   Dev-LoadTimes (C2A15278-BFE7-4AFE-6C17-90FF531DF755): 1
LogDevObjectVersion:   Private-Geometry (6EACA3D4-40EC-4CC1-B786-8BED09428FC5): 3
LogDevObjectVersion:   Dev-AnimPhys (29E575DD-E0A3-4627-9D10-D276232CDCEA): 17
LogDevObjectVersion:   Dev-Anim (AF43A65D-7FD3-4947-9873-3E8ED9C1BB05): 2
LogDevObjectVersion:   Dev-ReflectionCapture (6B266CEC-1EC7-4B8F-A30B-E4D90942FC07): 1
LogDevObjectVersion:   Dev-Automation (0DF73D61-A23F-47EA-B727-89E90C41499A): 1
LogDevObjectVersion:   FortniteMain (601D1886-AC64-4F84-AA16-D3DE0DEAC7D6): 25
LogDevObjectVersion:   Dev-Enterprise (9DFFBCD6-494F-0158-E221-12823C92A888): 6
LogDevObjectVersion:   Dev-Niagara (F2AED0AC-9AFE-416F-8664-AA7FFA26D6FC): 1
LogDevObjectVersion:   Dev-Destruction (174F1F0B-B4C6-45A5-B13F-2EE8D0FB917D): 2
LogInit: Presizing for max 16777216 objects, including 0 objects not considered by GC, pre-allocating 0 bytes for permanent pool.
LogInit: Object subsystem initialized
LogConfig: Setting CVar [[con.DebugEarlyDefault:1]]
LogConfig: Setting CVar [[r.setres:1280x720]]
[2019.06.16-11.36.24:494][  0]LogConfig: Setting CVar [[r.VSync:0]]
[2019.06.16-11.36.24:494][  0]LogConfig: Setting CVar [[r.RHICmdBypass:0]]
[2019.06.16-11.36.24:494][  0]LogConfig: Applying CVar settings from Section [/Script/Engine.RendererSettings] File [D:/KGame/Saved/Config/Windows/Engine.ini]
[2019.06.16-11.36.24:494][  0]LogConfig: Setting CVar [[r.GPUCrashDebugging:0]]
[2019.06.16-11.36.24:494][  0]LogConfig: Applying CVar settings from Section [/Script/Engine.RendererOverrideSettings] File [D:/KGame/Saved/Config/Windows/Engine.ini]
[2019.06.16-11.36.24:494][  0]LogConfig: Applying CVar settings from Section [/Script/Engine.StreamingSettings] File [D:/KGame/Saved/Config/Windows/Engine.ini]
[2019.06.16-11.36.24:494][  0]LogConfig: Setting CVar [[s.MinBulkDataSizeForAsyncLoading:131072]]
[2019.06.16-11.36.24:494][  0]LogConfig: Setting CVar [[s.AsyncLoadingThreadEnabled:0]]
[2019.06.16-11.36.24:494][  0]LogConfig: Setting CVar [[s.EventDrivenLoaderEnabled:1]]
[2019.06.16-11.36.24:494][  0]LogConfig: Setting CVar [[s.WarnIfTimeLimitExceeded:0]]
[2019.06.16-11.36.24:495][  0]LogConfig: Setting CVar [[s.TimeLimitExceededMultiplier:1.5]]
[2019.06.16-11.36.24:495][  0]LogConfig: Setting CVar [[s.TimeLimitExceededMinTime:0.005]]
[2019.06.16-11.36.24:495][  0]LogConfig: Setting CVar [[s.UseBackgroundLevelStreaming:1]]
[2019.06.16-11.36.24:495][  0]LogConfig: Setting CVar [[s.PriorityAsyncLoadingExtraTime:15.0]]
[2019.06.16-11.36.24:495][  0]LogConfig: Setting CVar [[s.LevelStreamingActorsUpdateTimeLimit:5.0]]
[2019.06.16-11.36.24:495][  0]LogConfig: Setting CVar [[s.PriorityLevelStreamingActorsUpdateExtraTime:5.0]]
[2019.06.16-11.36.24:495][  0]LogConfig: Setting CVar [[s.LevelStreamingComponentsRegistrationGranularity:10]]
[2019.06.16-11.36.24:495][  0]LogConfig: Setting CVar [[s.UnregisterComponentsTimeLimit:1.0]]
[2019.06.16-11.36.24:495][  0]LogConfig: Setting CVar [[s.LevelStreamingComponentsUnregistrationGranularity:5]]
[2019.06.16-11.36.24:495][  0]LogConfig: Applying CVar settings from Section [/Script/Engine.GarbageCollectionSettings] File [D:/KGame/Saved/Config/Windows/Engine.ini]
[2019.06.16-11.36.24:495][  0]LogConfig: Setting CVar [[gc.MaxObjectsNotConsideredByGC:1]]
[2019.06.16-11.36.24:495][  0]LogConfig: Setting CVar [[gc.SizeOfPermanentObjectPool:0]]
[2019.06.16-11.36.24:495][  0]LogConfig: Setting CVar [[gc.FlushStreamingOnGC:0]]
[2019.06.16-11.36.24:495][  0]LogConfig: Setting CVar [[gc.NumRetriesBeforeForcingGC:10]]
[2019.06.16-11.36.24:495][  0]LogConfig: Setting CVar [[gc.AllowParallelGC:1]]
[2019.06.16-11.36.24:495][  0]LogConfig: Setting CVar [[gc.TimeBetweenPurgingPendingKillObjects:61.1]]
[2019.06.16-11.36.24:495][  0]LogConfig: Setting CVar [[gc.MaxObjectsInEditor:16777216]]
[2019.06.16-11.36.24:495][  0]LogConfig: Setting CVar [[gc.IncrementalBeginDestroyEnabled:1]]
[2019.06.16-11.36.24:495][  0]LogConfig: Setting CVar [[gc.CreateGCClusters:1]]
[2019.06.16-11.36.24:495][  0]LogConfig: Setting CVar [[gc.MinGCClusterSize:5]]
[2019.06.16-11.36.24:495][  0]LogConfig: Setting CVar [[gc.ActorClusteringEnabled:0]]
[2019.06.16-11.36.24:496][  0]LogConfig: Setting CVar [[gc.BlueprintClusteringEnabled:0]]
[2019.06.16-11.36.24:496][  0]LogConfig: Setting CVar [[gc.UseDisregardForGCOnDedicatedServers:0]]
[2019.06.16-11.36.24:496][  0]LogConfig: Applying CVar settings from Section [/Script/Engine.NetworkSettings] File [D:/KGame/Saved/Config/Windows/Engine.ini]
[2019.06.16-11.36.24:496][  0]LogConfig: Applying CVar settings from Section [/Script/UnrealEd.CookerSettings] File [D:/KGame/Saved/Config/Windows/Engine.ini]
[2019.06.16-11.36.24:506][  0]LogConfig: Applying CVar settings from Section [ViewDistanceQuality@3] File [D:/KGame/Saved/Config/Windows/Scalability.ini]
[2019.06.16-11.36.24:508][  0]LogConfig: Setting CVar [[r.SkeletalMeshLODBias:0]]
[2019.06.16-11.36.24:508][  0]LogConfig: Setting CVar [[r.ViewDistanceScale:1.0]]
[2019.06.16-11.36.24:508][  0]LogConfig: Applying CVar settings from Section [AntiAliasingQuality@3] File [D:/KGame/Saved/Config/Windows/Scalability.ini]
[2019.06.16-11.36.24:508][  0]LogConfig: Setting CVar [[r.PostProcessAAQuality:4]]
[2019.06.16-11.36.24:508][  0]LogConfig: Applying CVar settings from Section [ShadowQuality@3] File [D:/KGame/Saved/Config/Windows/Scalability.ini]
[2019.06.16-11.36.24:509][  0]LogConfig: Setting CVar [[r.LightFunctionQuality:1]]
[2019.06.16-11.36.24:509][  0]LogConfig: Setting CVar [[r.ShadowQuality:5]]
[2019.06.16-11.36.24:509][  0]LogConfig: Setting CVar [[r.Shadow.CSM.MaxCascades:10]]
[2019.06.16-11.36.24:509][  0]LogConfig: Setting CVar [[r.Shadow.MaxResolution:2048]]
[2019.06.16-11.36.24:509][  0]LogConfig: Setting CVar [[r.Shadow.MaxCSMResolution:2048]]
[2019.06.16-11.36.24:509][  0]LogConfig: Setting CVar [[r.Shadow.RadiusThreshold:0.01]]
[2019.06.16-11.36.24:509][  0]LogConfig: Setting CVar [[r.Shadow.DistanceScale:1.0]]
[2019.06.16-11.36.24:509][  0]LogConfig: Setting CVar [[r.Shadow.CSM.TransitionScale:1.0]]
[2019.06.16-11.36.24:509][  0]LogConfig: Setting CVar [[r.Shadow.PreShadowResolutionFactor:1.0]]
[2019.06.16-11.36.24:509][  0]LogConfig: Setting CVar [[r.DistanceFieldShadowing:1]]
[2019.06.16-11.36.24:509][  0]LogConfig: Setting CVar [[r.DistanceFieldAO:1]]
[2019.06.16-11.36.24:509][  0]LogConfig: Setting CVar [[r.AOQuality:2]]
[2019.06.16-11.36.24:509][  0]LogConfig: Setting CVar [[r.VolumetricFog:1]]
[2019.06.16-11.36.24:509][  0]LogConfig: Setting CVar [[r.VolumetricFog.GridPixelSize:8]]
[2019.06.16-11.36.24:509][  0]LogConfig: Setting CVar [[r.VolumetricFog.GridSizeZ:128]]
[2019.06.16-11.36.24:509][  0]LogConfig: Setting CVar [[r.VolumetricFog.HistoryMissSupersampleCount:4]]
[2019.06.16-11.36.24:509][  0]LogConfig: Setting CVar [[r.LightMaxDrawDistanceScale:1]]
[2019.06.16-11.36.24:509][  0]LogConfig: Setting CVar [[r.CapsuleShadows:1]]
[2019.06.16-11.36.24:509][  0]LogConfig: Applying CVar settings from Section [PostProcessQuality@3] File [D:/KGame/Saved/Config/Windows/Scalability.ini]
[2019.06.16-11.36.24:509][  0]LogConfig: Setting CVar [[r.MotionBlurQuality:4]]
[2019.06.16-11.36.24:509][  0]LogConfig: Setting CVar [[r.AmbientOcclusionMipLevelFactor:0.4]]
[2019.06.16-11.36.24:510][  0]LogConfig: Setting CVar [[r.AmbientOcclusionMaxQuality:100]]
[2019.06.16-11.36.24:510][  0]LogConfig: Setting CVar [[r.AmbientOcclusionLevels:-1]]
[2019.06.16-11.36.24:510][  0]LogConfig: Setting CVar [[r.AmbientOcclusionRadiusScale:1.0]]
[2019.06.16-11.36.24:510][  0]LogConfig: Setting CVar [[r.DepthOfFieldQuality:2]]
[2019.06.16-11.36.24:510][  0]LogConfig: Setting CVar [[r.RenderTargetPoolMin:400]]
[2019.06.16-11.36.24:510][  0]LogConfig: Setting CVar [[r.LensFlareQuality:2]]
[2019.06.16-11.36.24:510][  0]LogConfig: Setting CVar [[r.SceneColorFringeQuality:1]]
[2019.06.16-11.36.24:510][  0]LogConfig: Setting CVar [[r.EyeAdaptationQuality:2]]
[2019.06.16-11.36.24:510][  0]LogConfig: Setting CVar [[r.BloomQuality:5]]
[2019.06.16-11.36.24:510][  0]LogConfig: Setting CVar [[r.FastBlurThreshold:100]]
[2019.06.16-11.36.24:510][  0]LogConfig: Setting CVar [[r.Upscale.Quality:3]]
[2019.06.16-11.36.24:510][  0]LogConfig: Setting CVar [[r.Tonemapper.GrainQuantization:1]]
[2019.06.16-11.36.24:510][  0]LogConfig: Setting CVar [[r.LightShaftQuality:1]]
[2019.06.16-11.36.24:510][  0]LogConfig: Setting CVar [[r.Filter.SizeScale:1]]
[2019.06.16-11.36.24:510][  0]LogConfig: Setting CVar [[r.Tonemapper.Quality:5]]
[2019.06.16-11.36.24:510][  0]LogConfig: Setting CVar [[r.DOF.Gather.AccumulatorQuality:1        ; higher gathering accumulator quality]]
[2019.06.16-11.36.24:510][  0]LogConfig: Setting CVar [[r.DOF.Gather.PostfilterMethod:1          ; Median3x3 postfilering method]]
[2019.06.16-11.36.24:510][  0]LogConfig: Setting CVar [[r.DOF.Gather.EnableBokehSettings:0       ; no bokeh simulation when gathering]]
[2019.06.16-11.36.24:510][  0]LogConfig: Setting CVar [[r.DOF.Gather.RingCount:4                 ; medium number of samples when gathering]]
[2019.06.16-11.36.24:510][  0]LogConfig: Setting CVar [[r.DOF.Scatter.ForegroundCompositing:1    ; additive foreground scattering]]
[2019.06.16-11.36.24:511][  0]LogConfig: Setting CVar [[r.DOF.Scatter.BackgroundCompositing:2    ; additive background scattering]]
[2019.06.16-11.36.24:511][  0]LogConfig: Setting CVar [[r.DOF.Scatter.EnableBokehSettings:1      ; bokeh simulation when scattering]]
[2019.06.16-11.36.24:511][  0]LogConfig: Setting CVar [[r.DOF.Scatter.MaxSpriteRatio:0.1         ; only a maximum of 10% of scattered bokeh]]
[2019.06.16-11.36.24:511][  0]LogConfig: Setting CVar [[r.DOF.Recombine.Quality:1                ; cheap slight out of focus]]
[2019.06.16-11.36.24:511][  0]LogConfig: Setting CVar [[r.DOF.Recombine.EnableBokehSettings:0    ; no bokeh simulation on slight out of focus]]
[2019.06.16-11.36.24:511][  0]LogConfig: Setting CVar [[r.DOF.TemporalAAQuality:1                ; more stable temporal accumulation]]
[2019.06.16-11.36.24:511][  0]LogConfig: Setting CVar [[r.DOF.Kernel.MaxForegroundRadius:0.025]]
[2019.06.16-11.36.24:511][  0]LogConfig: Setting CVar [[r.DOF.Kernel.MaxBackgroundRadius:0.025]]
[2019.06.16-11.36.24:511][  0]LogConfig: Applying CVar settings from Section [TextureQuality@3] File [D:/KGame/Saved/Config/Windows/Scalability.ini]
[2019.06.16-11.36.24:511][  0]LogConfig: Setting CVar [[r.Streaming.MipBias:0]]
[2019.06.16-11.36.24:511][  0]LogConfig: Setting CVar [[r.Streaming.AmortizeCPUToGPUCopy:0]]
[2019.06.16-11.36.24:511][  0]LogConfig: Setting CVar [[r.Streaming.MaxNumTexturesToStreamPerFrame:0]]
[2019.06.16-11.36.24:511][  0]LogConfig: Setting CVar [[r.Streaming.Boost:1]]
[2019.06.16-11.36.24:511][  0]LogConfig: Setting CVar [[r.MaxAnisotropy:8]]
[2019.06.16-11.36.24:511][  0]LogConfig: Setting CVar [[r.Streaming.LimitPoolSizeToVRAM:0]]
[2019.06.16-11.36.24:511][  0]LogConfig: Setting CVar [[r.Streaming.PoolSize:1000]]
[2019.06.16-11.36.24:511][  0]LogConfig: Setting CVar [[r.Streaming.MaxEffectiveScreenSize:0]]
[2019.06.16-11.36.24:511][  0]LogConfig: Applying CVar settings from Section [EffectsQuality@3] File [D:/KGame/Saved/Config/Windows/Scalability.ini]
[2019.06.16-11.36.24:511][  0]LogConfig: Setting CVar [[r.TranslucencyLightingVolumeDim:64]]
[2019.06.16-11.36.24:511][  0]LogConfig: Setting CVar [[r.RefractionQuality:2]]
[2019.06.16-11.36.24:511][  0]LogConfig: Setting CVar [[r.SSR.Quality:3]]
[2019.06.16-11.36.24:511][  0]LogConfig: Setting CVar [[r.SceneColorFormat:4]]
[2019.06.16-11.36.24:511][  0]LogConfig: Setting CVar [[r.DetailMode:2]]
[2019.06.16-11.36.24:511][  0]LogConfig: Setting CVar [[r.TranslucencyVolumeBlur:1]]
[2019.06.16-11.36.24:512][  0]LogConfig: Setting CVar [[r.MaterialQualityLevel:1 ; High quality]]
[2019.06.16-11.36.24:512][  0]LogConfig: Setting CVar [[r.SSS.Scale:1]]
[2019.06.16-11.36.24:512][  0]LogConfig: Setting CVar [[r.SSS.SampleSet:2]]
[2019.06.16-11.36.24:512][  0]LogConfig: Setting CVar [[r.SSS.Quality:1]]
[2019.06.16-11.36.24:512][  0]LogConfig: Setting CVar [[r.SSS.HalfRes:1]]
[2019.06.16-11.36.24:512][  0]LogConfig: Setting CVar [[r.EmitterSpawnRateScale:1.0]]
[2019.06.16-11.36.24:512][  0]LogConfig: Setting CVar [[r.ParticleLightQuality:2]]
[2019.06.16-11.36.24:512][  0]LogConfig: Applying CVar settings from Section [FoliageQuality@3] File [D:/KGame/Saved/Config/Windows/Scalability.ini]
[2019.06.16-11.36.24:512][  0]LogConfig: Setting CVar [[foliage.DensityScale:1.0]]
[2019.06.16-11.36.24:512][  0]LogConfig: Setting CVar [[grass.DensityScale:1.0]]
[2019.06.16-11.36.24:512][  0]LogInit: Selected Device Profile: [Windows]
[2019.06.16-11.36.24:512][  0]LogInit: Applying CVar settings loaded from the selected device profile: [Windows]
[2019.06.16-11.36.24:536][  0]LogHAL: Display: Platform has ~ 8 GB [8551890944 / 8589934592 / 8], which maps to Default [LargestMinGB=32, LargerMinGB=12, DefaultMinGB=8, SmallerMinGB=6, SmallestMinGB=0)
[2019.06.16-11.36.24:536][  0]LogConfig: Setting CVar [[r.Vulkan.UseRealUBs:0		; Required until we fix HLR fall-out]]
[2019.06.16-11.36.24:536][  0]LogInit: Going up to parent DeviceProfile []
[2019.06.16-11.36.24:536][  0]LogConfig: Applying CVar settings from Section [ViewDistanceQuality@3] File [D:/KGame/Saved/Config/Windows/Scalability.ini]
[2019.06.16-11.36.24:536][  0]LogConfig: Setting CVar [[r.SkeletalMeshLODBias:0]]
[2019.06.16-11.36.24:536][  0]LogConfig: Setting CVar [[r.ViewDistanceScale:1.0]]
[2019.06.16-11.36.24:536][  0]LogConfig: Applying CVar settings from Section [AntiAliasingQuality@3] File [D:/KGame/Saved/Config/Windows/Scalability.ini]
[2019.06.16-11.36.24:536][  0]LogConfig: Setting CVar [[r.PostProcessAAQuality:4]]
[2019.06.16-11.36.24:536][  0]LogConfig: Applying CVar settings from Section [ShadowQuality@3] File [D:/KGame/Saved/Config/Windows/Scalability.ini]
[2019.06.16-11.36.24:536][  0]LogConfig: Setting CVar [[r.LightFunctionQuality:1]]
[2019.06.16-11.36.24:537][  0]LogConfig: Setting CVar [[r.ShadowQuality:5]]
[2019.06.16-11.36.24:537][  0]LogConfig: Setting CVar [[r.Shadow.CSM.MaxCascades:10]]
[2019.06.16-11.36.24:537][  0]LogConfig: Setting CVar [[r.Shadow.MaxResolution:2048]]
[2019.06.16-11.36.24:537][  0]LogConfig: Setting CVar [[r.Shadow.MaxCSMResolution:2048]]
[2019.06.16-11.36.24:537][  0]LogConfig: Setting CVar [[r.Shadow.RadiusThreshold:0.01]]
[2019.06.16-11.36.24:537][  0]LogConfig: Setting CVar [[r.Shadow.DistanceScale:1.0]]
[2019.06.16-11.36.24:537][  0]LogConfig: Setting CVar [[r.Shadow.CSM.TransitionScale:1.0]]
[2019.06.16-11.36.24:537][  0]LogConfig: Setting CVar [[r.Shadow.PreShadowResolutionFactor:1.0]]
[2019.06.16-11.36.24:537][  0]LogConfig: Setting CVar [[r.DistanceFieldShadowing:1]]
[2019.06.16-11.36.24:537][  0]LogConfig: Setting CVar [[r.DistanceFieldAO:1]]
[2019.06.16-11.36.24:537][  0]LogConfig: Setting CVar [[r.AOQuality:2]]
[2019.06.16-11.36.24:537][  0]LogConfig: Setting CVar [[r.VolumetricFog:1]]
[2019.06.16-11.36.24:537][  0]LogConfig: Setting CVar [[r.VolumetricFog.GridPixelSize:8]]
[2019.06.16-11.36.24:537][  0]LogConfig: Setting CVar [[r.VolumetricFog.GridSizeZ:128]]
[2019.06.16-11.36.24:537][  0]LogConfig: Setting CVar [[r.VolumetricFog.HistoryMissSupersampleCount:4]]
[2019.06.16-11.36.24:537][  0]LogConfig: Setting CVar [[r.LightMaxDrawDistanceScale:1]]
[2019.06.16-11.36.24:537][  0]LogConfig: Setting CVar [[r.CapsuleShadows:1]]
[2019.06.16-11.36.24:537][  0]LogConfig: Applying CVar settings from Section [PostProcessQuality@3] File [D:/KGame/Saved/Config/Windows/Scalability.ini]
[2019.06.16-11.36.24:538][  0]LogConfig: Setting CVar [[r.MotionBlurQuality:4]]
[2019.06.16-11.36.24:538][  0]LogConfig: Setting CVar [[r.AmbientOcclusionMipLevelFactor:0.4]]
[2019.06.16-11.36.24:538][  0]LogConfig: Setting CVar [[r.AmbientOcclusionMaxQuality:100]]
[2019.06.16-11.36.24:538][  0]LogConfig: Setting CVar [[r.AmbientOcclusionLevels:-1]]
[2019.06.16-11.36.24:538][  0]LogConfig: Setting CVar [[r.AmbientOcclusionRadiusScale:1.0]]
[2019.06.16-11.36.24:538][  0]LogConfig: Setting CVar [[r.DepthOfFieldQuality:2]]
[2019.06.16-11.36.24:538][  0]LogConfig: Setting CVar [[r.RenderTargetPoolMin:400]]
[2019.06.16-11.36.24:539][  0]LogConfig: Setting CVar [[r.LensFlareQuality:2]]
[2019.06.16-11.36.24:540][  0]LogConfig: Setting CVar [[r.SceneColorFringeQuality:1]]
[2019.06.16-11.36.24:540][  0]LogConfig: Setting CVar [[r.EyeAdaptationQuality:2]]
[2019.06.16-11.36.24:540][  0]LogConfig: Setting CVar [[r.BloomQuality:5]]
[2019.06.16-11.36.24:541][  0]LogConfig: Setting CVar [[r.FastBlurThreshold:100]]
[2019.06.16-11.36.24:541][  0]LogConfig: Setting CVar [[r.Upscale.Quality:3]]
[2019.06.16-11.36.24:541][  0]LogConfig: Setting CVar [[r.Tonemapper.GrainQuantization:1]]
[2019.06.16-11.36.24:541][  0]LogConfig: Setting CVar [[r.LightShaftQuality:1]]
[2019.06.16-11.36.24:541][  0]LogConfig: Setting CVar [[r.Filter.SizeScale:1]]
[2019.06.16-11.36.24:541][  0]LogConfig: Setting CVar [[r.Tonemapper.Quality:5]]
[2019.06.16-11.36.24:541][  0]LogConfig: Setting CVar [[r.DOF.Gather.AccumulatorQuality:1        ; higher gathering accumulator quality]]
[2019.06.16-11.36.24:542][  0]LogConfig: Setting CVar [[r.DOF.Gather.PostfilterMethod:1          ; Median3x3 postfilering method]]
[2019.06.16-11.36.24:542][  0]LogConfig: Setting CVar [[r.DOF.Gather.EnableBokehSettings:0       ; no bokeh simulation when gathering]]
[2019.06.16-11.36.24:542][  0]LogConfig: Setting CVar [[r.DOF.Gather.RingCount:4                 ; medium number of samples when gathering]]
[2019.06.16-11.36.24:542][  0]LogConfig: Setting CVar [[r.DOF.Scatter.ForegroundCompositing:1    ; additive foreground scattering]]
[2019.06.16-11.36.24:542][  0]LogConfig: Setting CVar [[r.DOF.Scatter.BackgroundCompositing:2    ; additive background scattering]]
[2019.06.16-11.36.24:542][  0]LogConfig: Setting CVar [[r.DOF.Scatter.EnableBokehSettings:1      ; bokeh simulation when scattering]]
[2019.06.16-11.36.24:543][  0]LogConfig: Setting CVar [[r.DOF.Scatter.MaxSpriteRatio:0.1         ; only a maximum of 10% of scattered bokeh]]
[2019.06.16-11.36.24:543][  0]LogConfig: Setting CVar [[r.DOF.Recombine.Quality:1                ; cheap slight out of focus]]
[2019.06.16-11.36.24:543][  0]LogConfig: Setting CVar [[r.DOF.Recombine.EnableBokehSettings:0    ; no bokeh simulation on slight out of focus]]
[2019.06.16-11.36.24:543][  0]LogConfig: Setting CVar [[r.DOF.TemporalAAQuality:1                ; more stable temporal accumulation]]
[2019.06.16-11.36.24:543][  0]LogConfig: Setting CVar [[r.DOF.Kernel.MaxForegroundRadius:0.025]]
[2019.06.16-11.36.24:543][  0]LogConfig: Setting CVar [[r.DOF.Kernel.MaxBackgroundRadius:0.025]]
[2019.06.16-11.36.24:543][  0]LogConfig: Applying CVar settings from Section [TextureQuality@3] File [D:/KGame/Saved/Config/Windows/Scalability.ini]
[2019.06.16-11.36.24:544][  0]LogConfig: Setting CVar [[r.Streaming.MipBias:0]]
[2019.06.16-11.36.24:544][  0]LogConfig: Setting CVar [[r.Streaming.AmortizeCPUToGPUCopy:0]]
[2019.06.16-11.36.24:544][  0]LogConfig: Setting CVar [[r.Streaming.MaxNumTexturesToStreamPerFrame:0]]
[2019.06.16-11.36.24:544][  0]LogConfig: Setting CVar [[r.Streaming.Boost:1]]
[2019.06.16-11.36.24:544][  0]LogConfig: Setting CVar [[r.MaxAnisotropy:8]]
[2019.06.16-11.36.24:544][  0]LogConfig: Setting CVar [[r.Streaming.LimitPoolSizeToVRAM:0]]
[2019.06.16-11.36.24:544][  0]LogConfig: Setting CVar [[r.Streaming.PoolSize:1000]]
[2019.06.16-11.36.24:544][  0]LogConfig: Setting CVar [[r.Streaming.MaxEffectiveScreenSize:0]]
[2019.06.16-11.36.24:544][  0]LogConfig: Applying CVar settings from Section [EffectsQuality@3] File [D:/KGame/Saved/Config/Windows/Scalability.ini]
[2019.06.16-11.36.24:544][  0]LogConfig: Setting CVar [[r.TranslucencyLightingVolumeDim:64]]
[2019.06.16-11.36.24:544][  0]LogConfig: Setting CVar [[r.RefractionQuality:2]]
[2019.06.16-11.36.24:544][  0]LogConfig: Setting CVar [[r.SSR.Quality:3]]
[2019.06.16-11.36.24:544][  0]LogConfig: Setting CVar [[r.SceneColorFormat:4]]
[2019.06.16-11.36.24:544][  0]LogConfig: Setting CVar [[r.DetailMode:2]]
[2019.06.16-11.36.24:544][  0]LogConfig: Setting CVar [[r.TranslucencyVolumeBlur:1]]
[2019.06.16-11.36.24:544][  0]LogConfig: Setting CVar [[r.MaterialQualityLevel:1 ; High quality]]
[2019.06.16-11.36.24:544][  0]LogConfig: Setting CVar [[r.SSS.Scale:1]]
[2019.06.16-11.36.24:544][  0]LogConfig: Setting CVar [[r.SSS.SampleSet:2]]
[2019.06.16-11.36.24:545][  0]LogConfig: Setting CVar [[r.SSS.Quality:1]]
[2019.06.16-11.36.24:545][  0]LogConfig: Setting CVar [[r.SSS.HalfRes:1]]
[2019.06.16-11.36.24:545][  0]LogConfig: Setting CVar [[r.EmitterSpawnRateScale:1.0]]
[2019.06.16-11.36.24:545][  0]LogConfig: Setting CVar [[r.ParticleLightQuality:2]]
[2019.06.16-11.36.24:545][  0]LogConfig: Applying CVar settings from Section [FoliageQuality@3] File [D:/KGame/Saved/Config/Windows/Scalability.ini]
[2019.06.16-11.36.24:545][  0]LogConfig: Setting CVar [[foliage.DensityScale:1.0]]
[2019.06.16-11.36.24:545][  0]LogConfig: Setting CVar [[grass.DensityScale:1.0]]
[2019.06.16-11.36.24:545][  0]LogConfig: Applying CVar settings from Section [Startup] File [../../../Engine/Config/ConsoleVariables.ini]
[2019.06.16-11.36.24:545][  0]LogConfig: Setting CVar [[net.UseAdaptiveNetUpdateFrequency:0]]
[2019.06.16-11.36.24:545][  0]LogConfig: Setting CVar [[p.chaos.AllowCreatePhysxBodies:1]]
[2019.06.16-11.36.24:545][  0]LogConfig: Applying CVar settings from Section [ConsoleVariables] File [D:/KGame/Saved/Config/Windows/Engine.ini]
[2019.06.16-11.36.24:546][  0]LogInit: Computer: DESKTOP-NVNASRL
[2019.06.16-11.36.24:546][  0]LogInit: User: KKB
[2019.06.16-11.36.24:546][  0]LogInit: CPU Page size=4096, Cores=4
[2019.06.16-11.36.24:546][  0]LogInit: High frequency timer resolution =10.000000 MHz
[2019.06.16-11.36.24:546][  0]LogMemory: Memory total: Physical=8.0GB (8GB approx)
[2019.06.16-11.36.24:546][  0]LogMemory: Platform Memory Stats for Windows
[2019.06.16-11.36.24:546][  0]LogMemory: Process Physical Memory: 96.75 MB used, 96.75 MB peak
[2019.06.16-11.36.24:546][  0]LogMemory: Process Virtual Memory: 84.45 MB used, 84.45 MB peak
[2019.06.16-11.36.24:546][  0]LogMemory: Physical Memory: 5273.82 MB used,  2881.90 MB free, 8155.72 MB total
[2019.06.16-11.36.24:546][  0]LogMemory: Virtual Memory: 4639.25 MB used,  134213088.00 MB free, 134217728.00 MB total
[2019.06.16-11.36.24:749][  0]LogInit: Using OS detected language (ko-KR).
[2019.06.16-11.36.24:749][  0]LogInit: Using OS detected locale (ko-KR).
[2019.06.16-11.36.24:750][  0]LogTextLocalizationManager: No specific localization for 'ko-KR' exists, so the 'ko' localization will be used.
[2019.06.16-11.36.24:955][  0]LogInit: Setting process to per monitor DPI aware
[2019.06.16-11.36.25:131][  0]LogSlate: New Slate User Created.  User Index 0, Is Virtual User: 0
[2019.06.16-11.36.25:131][  0]LogSlate: Slate User Registered.  User Index 0, Is Virtual User: 0
[2019.06.16-11.36.27:377][  0]LogHMD: Failed to initialize OpenVR with code 110
[2019.06.16-11.36.27:377][  0]LogD3D11RHI: D3D11 adapters:
[2019.06.16-11.36.27:521][  0]LogD3D11RHI:    0. 'NVIDIA GeForce GTX 960' (Feature Level 11_0)
[2019.06.16-11.36.27:521][  0]LogD3D11RHI:       4053/0/4077 MB DedicatedVideo/DedicatedSystem/SharedSystem, Outputs:1, VendorId:0x10de
[2019.06.16-11.36.27:529][  0]LogD3D11RHI:    1. 'Microsoft Basic Render Driver' (Feature Level 11_0)
[2019.06.16-11.36.27:530][  0]LogD3D11RHI:       0/0/4077 MB DedicatedVideo/DedicatedSystem/SharedSystem, Outputs:0, VendorId:0x1414
[2019.06.16-11.36.27:530][  0]LogD3D11RHI: Chosen D3D11 Adapter: 0
[2019.06.16-11.36.27:537][  0]LogD3D11RHI: Creating new Direct3DDevice
[2019.06.16-11.36.27:537][  0]LogD3D11RHI:     GPU DeviceId: 0x1401 (for the marketing name, search the web for "GPU Device Id")
[2019.06.16-11.36.27:537][  0]LogWindows: EnumDisplayDevices:
[2019.06.16-11.36.27:538][  0]LogWindows:    0. 'NVIDIA GeForce GTX 960' (P:1 D:1)
[2019.06.16-11.36.27:539][  0]LogWindows:    1. 'NVIDIA GeForce GTX 960' (P:0 D:0)
[2019.06.16-11.36.27:541][  0]LogWindows:    2. 'NVIDIA GeForce GTX 960' (P:0 D:0)
[2019.06.16-11.36.27:543][  0]LogWindows:    3. 'NVIDIA GeForce GTX 960' (P:0 D:0)
[2019.06.16-11.36.27:544][  0]LogWindows: DebugString: FoundDriverCount:4 
[2019.06.16-11.36.27:544][  0]LogD3D11RHI:     Adapter Name: NVIDIA GeForce GTX 960
[2019.06.16-11.36.27:545][  0]LogD3D11RHI:   Driver Version: 418.91 (internal:25.21.14.1891, unified:418.91)
[2019.06.16-11.36.27:545][  0]LogD3D11RHI:      Driver Date: 2-6-2019
[2019.06.16-11.36.27:545][  0]LogRHI: Texture pool is 2837 MB (70% of 4053 MB)
[2019.06.16-11.36.27:607][  0]LogD3D11RHI: Async texture creation enabled
[2019.06.16-11.36.27:611][  0]LogRendererCore: FGlobalReadBuffer::InitRHI
[2019.06.16-11.36.27:612][  0]LogRendererCore: FGlobalReadBuffer::InitRHI
[2019.06.16-11.36.27:612][  0]LogRendererCore: FGlobalReadBuffer::InitRHI
[2019.06.16-11.36.27:621][  0]LogD3D11RHI: GPU Timing Frequency: 1000.000000 (Debug: 2 1)
[2019.06.16-11.36.28:268][  0]LogTemp: Display: Module 'AllDesktopTargetPlatform' loaded TargetPlatform 'AllDesktop'
[2019.06.16-11.36.28:299][  0]LogTemp: Display: Module 'MacClientTargetPlatform' loaded TargetPlatform 'MacClient'
[2019.06.16-11.36.28:329][  0]LogTemp: Display: Module 'MacNoEditorTargetPlatform' loaded TargetPlatform 'MacNoEditor'
[2019.06.16-11.36.28:360][  0]LogTemp: Display: Module 'MacServerTargetPlatform' loaded TargetPlatform 'MacServer'
[2019.06.16-11.36.28:397][  0]LogTemp: Display: Module 'MacTargetPlatform' loaded TargetPlatform 'Mac'
[2019.06.16-11.36.28:431][  0]LogTemp: Display: Module 'WindowsClientTargetPlatform' loaded TargetPlatform 'WindowsClient'
[2019.06.16-11.36.28:463][  0]LogTemp: Display: Module 'WindowsNoEditorTargetPlatform' loaded TargetPlatform 'WindowsNoEditor'
[2019.06.16-11.36.28:495][  0]LogTemp: Display: Module 'WindowsServerTargetPlatform' loaded TargetPlatform 'WindowsServer'
[2019.06.16-11.36.28:519][  0]LogTemp: Display: Module 'WindowsTargetPlatform' loaded TargetPlatform 'Windows'
[2019.06.16-11.36.28:647][  0]LogTemp: Display: Module 'AndroidTargetPlatform' loaded TargetPlatform 'Android'
[2019.06.16-11.36.28:647][  0]LogTemp: Display: Module 'AndroidTargetPlatform' loaded TargetPlatform 'Android_ASTC'
[2019.06.16-11.36.28:647][  0]LogTemp: Display: Module 'AndroidTargetPlatform' loaded TargetPlatform 'Android_ATC'
[2019.06.16-11.36.28:647][  0]LogTemp: Display: Module 'AndroidTargetPlatform' loaded TargetPlatform 'Android_DXT'
[2019.06.16-11.36.28:647][  0]LogTemp: Display: Module 'AndroidTargetPlatform' loaded TargetPlatform 'Android_ETC1'
[2019.06.16-11.36.28:647][  0]LogTemp: Display: Module 'AndroidTargetPlatform' loaded TargetPlatform 'Android_ETC1a'
[2019.06.16-11.36.28:647][  0]LogTemp: Display: Module 'AndroidTargetPlatform' loaded TargetPlatform 'Android_ETC2'
[2019.06.16-11.36.28:647][  0]LogTemp: Display: Module 'AndroidTargetPlatform' loaded TargetPlatform 'Android_PVRTC'
[2019.06.16-11.36.28:648][  0]LogTemp: Display: Module 'AndroidTargetPlatform' loaded TargetPlatform 'AndroidClient'
[2019.06.16-11.36.28:648][  0]LogTemp: Display: Module 'AndroidTargetPlatform' loaded TargetPlatform 'Android_ASTCClient'
[2019.06.16-11.36.28:648][  0]LogTemp: Display: Module 'AndroidTargetPlatform' loaded TargetPlatform 'Android_ATCClient'
[2019.06.16-11.36.28:648][  0]LogTemp: Display: Module 'AndroidTargetPlatform' loaded TargetPlatform 'Android_DXTClient'
[2019.06.16-11.36.28:648][  0]LogTemp: Display: Module 'AndroidTargetPlatform' loaded TargetPlatform 'Android_ETC1Client'
[2019.06.16-11.36.28:648][  0]LogTemp: Display: Module 'AndroidTargetPlatform' loaded TargetPlatform 'Android_ETC1aClient'
[2019.06.16-11.36.28:648][  0]LogTemp: Display: Module 'AndroidTargetPlatform' loaded TargetPlatform 'Android_ETC2Client'
[2019.06.16-11.36.28:648][  0]LogTemp: Display: Module 'AndroidTargetPlatform' loaded TargetPlatform 'Android_PVRTCClient'
[2019.06.16-11.36.28:648][  0]LogTemp: Display: Module 'AndroidTargetPlatform' loaded TargetPlatform 'Android_Multi'
[2019.06.16-11.36.28:648][  0]LogTemp: Display: Module 'AndroidTargetPlatform' loaded TargetPlatform 'Android_MultiClient'
[2019.06.16-11.36.28:658][  0]LogTemp: Display: Module 'HTML5TargetPlatform' loaded TargetPlatform 'HTML5'
[2019.06.16-11.36.28:753][  0]LogTemp: Display: Module 'IOSTargetPlatform' loaded TargetPlatform 'IOSClient'
[2019.06.16-11.36.28:753][  0]LogTemp: Display: Module 'IOSTargetPlatform' loaded TargetPlatform 'IOS'
[2019.06.16-11.36.28:793][  0]LogTemp: Display: Module 'TVOSTargetPlatform' loaded TargetPlatform 'TVOSClient'
[2019.06.16-11.36.28:793][  0]LogTemp: Display: Module 'TVOSTargetPlatform' loaded TargetPlatform 'TVOS'
[2019.06.16-11.36.28:819][  0]LogTemp: Display: Module 'LinuxClientTargetPlatform' loaded TargetPlatform 'LinuxClient'
[2019.06.16-11.36.28:843][  0]LogTemp: Display: Module 'LinuxNoEditorTargetPlatform' loaded TargetPlatform 'LinuxNoEditor'
[2019.06.16-11.36.28:867][  0]LogTemp: Display: Module 'LinuxServerTargetPlatform' loaded TargetPlatform 'LinuxServer'
[2019.06.16-11.36.28:900][  0]LogTemp: Display: Module 'LinuxTargetPlatform' loaded TargetPlatform 'Linux'
[2019.06.16-11.36.28:971][  0]LogTemp: Display: Module 'LuminTargetPlatform' loaded TargetPlatform 'Lumin'
[2019.06.16-11.36.28:972][  0]LogTemp: Display: Module 'LuminTargetPlatform' loaded TargetPlatform 'LuminClient'
[2019.06.16-11.36.28:972][  0]LogTargetPlatformManager: Display: Building Assets For Windows
[2019.06.16-11.36.29:020][  0]LogAudioDebug: Display: Lib vorbis DLL was dynamically loaded.
[2019.06.16-11.36.29:324][  0]LogShaderCompilers: Guid format shader working directory is 36 characters bigger than the processId version (D:/KGame/Intermediate/Shaders/WorkingDirectory/5132/).
[2019.06.16-11.36.29:324][  0]LogShaderCompilers: Cleaned the shader compiler working directory 'C:/Users/KKB/AppData/Local/Temp/UnrealShaderWorkingDir/CA5075EF4687D5FF2097709158741B85/'.
[2019.06.16-11.36.29:331][  0]LogXGEController: Cleaning working directory: C:/Users/KKB/AppData/Local/Temp/UnrealXGEWorkingDir/
[2019.06.16-11.36.29:331][  0]LogXGEController: Cannot use XGE Controller as Incredibuild is not installed on this machine.
[2019.06.16-11.36.29:331][  0]LogShaderCompilers: Cannot use XGE Shader Compiler as Incredibuild is not installed on this machine.
[2019.06.16-11.36.29:332][  0]LogShaderCompilers: Display: Using Local Shader Compiler.
[2019.06.16-11.36.31:560][  0]LogDerivedDataCache: Display: Max Cache Size: 512 MB
[2019.06.16-11.36.31:921][  0]LogDerivedDataCache: Loaded boot cache 0.36s 72MB C:/Users/KKB/AppData/Local/UnrealEngine/4.22/DerivedDataCache/Boot.ddc.
[2019.06.16-11.36.31:921][  0]LogDerivedDataCache: Display: Loaded Boot cache: C:/Users/KKB/AppData/Local/UnrealEngine/4.22/DerivedDataCache/Boot.ddc
[2019.06.16-11.36.31:922][  0]LogDerivedDataCache: FDerivedDataBackendGraph:  Pak pak cache file D:/KGame/DerivedDataCache/DDC.ddp not found, will not use a pak cache.
[2019.06.16-11.36.31:922][  0]LogDerivedDataCache: Unable to find inner node Pak for hierarchical cache Hierarchy.
[2019.06.16-11.36.31:922][  0]LogDerivedDataCache: FDerivedDataBackendGraph:  CompressedPak pak cache file D:/KGame/DerivedDataCache/Compressed.ddp not found, will not use a pak cache.
[2019.06.16-11.36.31:922][  0]LogDerivedDataCache: Unable to find inner node CompressedPak for hierarchical cache Hierarchy.
[2019.06.16-11.36.31:935][  0]LogDerivedDataCache: Display: Pak cache opened for reading ../../../Engine/DerivedDataCache/Compressed.ddp.
[2019.06.16-11.36.31:935][  0]LogDerivedDataCache: FDerivedDataBackendGraph:  EnterprisePak pak cache file ../../../Enterprise/DerivedDataCache/Compressed.ddp not found, will not use a pak cache.
[2019.06.16-11.36.31:935][  0]LogDerivedDataCache: Unable to find inner node EnterprisePak for hierarchical cache Hierarchy.
[2019.06.16-11.36.31:949][  0]LogDerivedDataCache: Using Local data cache path C:/Users/KKB/AppData/Local/UnrealEngine/Common/DerivedDataCache: Writable
[2019.06.16-11.36.31:949][  0]LogDerivedDataCache: Shared data cache path not found in *engine.ini, will not use an Shared cache.
[2019.06.16-11.36.31:949][  0]LogDerivedDataCache: Unable to find inner node Shared for hierarchical cache Hierarchy.
[2019.06.16-11.36.31:976][  0]LogMaterial: Verifying Global Shaders for PCD3D_SM5
[2019.06.16-11.36.31:978][  0]LogSlate: Using FreeType 2.6.0
[2019.06.16-11.36.31:986][  0]LogSlate: SlateFontServices - WITH_FREETYPE: 1, WITH_HARFBUZZ: 1
[2019.06.16-11.36.32:352][  0]LogAssetRegistry: FAssetRegistry took 0.0411 seconds to start up
[2019.06.16-11.36.32:773][  0]LogInit: Selected Device Profile: [Windows]
[2019.06.16-11.36.33:058][  0]LogMeshReduction: Using QuadricMeshReduction for automatic static mesh reduction
[2019.06.16-11.36.33:058][  0]LogMeshReduction: Using SimplygonMeshReduction for automatic skeletal mesh reduction
[2019.06.16-11.36.33:058][  0]LogMeshReduction: Using ProxyLODMeshReduction for automatic mesh merging
[2019.06.16-11.36.33:058][  0]LogMeshReduction: No distributed automatic mesh merging module available
[2019.06.16-11.36.33:058][  0]LogMeshMerging: No distributed automatic mesh merging module available
[2019.06.16-11.36.33:072][  0]LogNetVersion: ArenaBattle 1.0.0, NetCL: 5660361, EngineNetVer: 10, GameNetVer: 0 (Checksum: 815535894)
[2019.06.16-11.36.33:584][  0]LogPackageLocalizationCache: Processed 10 localized package path(s) for 1 prioritized culture(s) in 0.055254 seconds
[2019.06.16-11.36.33:591][  0]LogUObjectArray: 42205 objects as part of root set at end of initial load.
[2019.06.16-11.36.33:591][  0]LogUObjectAllocator: 7325032 out of 0 bytes used by permanent object pool.
[2019.06.16-11.36.33:591][  0]LogUObjectArray: CloseDisregardForGC: 0/0 objects in disregard for GC pool
[2019.06.16-11.36.38:536][  0]LogTcpMessaging: Initializing TcpMessaging bridge
[2019.06.16-11.36.38:570][  0]LogUdpMessaging: Initializing bridge on interface 0.0.0.0:0 to multicast group 230.0.0.1:6666.
[2019.06.16-11.36.40:313][  0]SourceControl: 소스 컨트롤이 꺼져 있습니다.
[2019.06.16-11.36.40:314][  0]SourceControl: 소스 컨트롤이 꺼져 있습니다.
[2019.06.16-11.36.40:353][  0]SourceControl: 소스 컨트롤이 꺼져 있습니다.
[2019.06.16-11.36.40:371][  0]SourceControl: 소스 컨트롤이 꺼져 있습니다.
[2019.06.16-11.36.41:097][  0]LogAndroidPermission: UAndroidPermissionCallbackProxy::GetInstance
[2019.06.16-11.36.41:625][  0]LogOcInput: OculusInput pre-init called
[2019.06.16-11.36.42:723][  0]LogEngine: Initializing Engine...
[2019.06.16-11.36.42:724][  0]LogHMD: Failed to initialize OpenVR with code 110
[2019.06.16-11.36.42:728][  0]LogStats: UGameplayTagsManager::InitializeManager -  0.003 s
[2019.06.16-11.36.43:176][  0]LogInit: Initializing FReadOnlyCVARCache
[2019.06.16-11.36.43:227][  0]LogAIModule: Creating AISystem for world Untitled
[2019.06.16-11.36.43:319][  0]LogInit: XAudio2 using '스피커(High Definition Audio 장치)' : 2 channels at 48 kHz using 16 bits per sample (channel mask 0x3)
[2019.06.16-11.36.43:399][  0]LogInit: FAudioDevice initialized.
[2019.06.16-11.36.43:400][  0]LogNetVersion: Set ProjectVersion to 1.0.0.0. Version Checksum will be recalculated on next use.
[2019.06.16-11.36.43:524][  0]LogDerivedDataCache: Saved boot cache 0.12s 83MB C:/Users/KKB/AppData/Local/UnrealEngine/4.22/DerivedDataCache/Boot.ddc.
[2019.06.16-11.36.43:535][  0]LogInit: Texture streaming: Enabled
[2019.06.16-11.36.43:625][  0]LogEngineSessionManager: EngineSessionManager initialized
[2019.06.16-11.36.43:625][  0]LogEngineSessionManager: EngineSessionManager sent abnormal shutdown report. Type=Debugger, SessionId={5C078831-4F44-CE45-71FE-8EA9F9C0EBFE}
[2019.06.16-11.36.43:705][  0]LogInit: Transaction tracking system initialized
[2019.06.16-11.36.43:864][  0]BlueprintLog: New page: 에디터 로드
[2019.06.16-11.36.44:482][  0]LocalizationService: 현지화 서비스가 비활성화되었습니다.
[2019.06.16-11.36.45:447][  0]LogFileCache: Scanning file cache for directory 'D:/KGame/Content/' took 0.04s
[2019.06.16-11.36.45:447][  0]LogCook: Display: Max memory allowance for cook 16384mb min free memory 0mb
[2019.06.16-11.36.45:448][  0]LogCook: Display: Mobile HDR setting 1
[2019.06.16-11.36.46:553][  0]SourceControl: 소스 컨트롤이 꺼져 있습니다.
[2019.06.16-11.36.46:555][  0]Cmd: MAP LOAD FILE="D:/KGame/Content/Book/Maps/Title.umap" TEMPLATE=0 SHOWPROGRESS=1 FEATURELEVEL=3
[2019.06.16-11.36.46:563][  0]LightingResults: New page: 라이팅 빌드
[2019.06.16-11.36.46:573][  0]MapCheck: New page: 맵 체크
[2019.06.16-11.36.46:574][  0]LightingResults: New page: 라이팅 빌드
[2019.06.16-11.36.46:609][  0]LogUObjectHash: Compacting FUObjectHashTables data took   2.24ms
[2019.06.16-11.36.46:657][  0]LogAIModule: Creating AISystem for world Title
[2019.06.16-11.36.46:664][  0]LogEditorServer: Finished looking for orphan Actors (0.000 secs)
[2019.06.16-11.36.46:693][  0]LogUObjectHash: Compacting FUObjectHashTables data took   2.11ms
[2019.06.16-11.36.46:695][  0]Cmd: MAP CHECKDEP NOCLEARLOG
[2019.06.16-11.36.46:695][  0]MapCheck: 맵 체크 완료: 오류 0 회, 경고 0 회, 소요 시간 0.134ms.
[2019.06.16-11.36.46:695][  0]LogFileHelpers: Loading map 'Title' took 0.141
[2019.06.16-11.36.46:941][  0]LogSlate: Updating window title bar state: overlay mode, drag disabled, window buttons hidden, title bar hidden
[2019.06.16-11.36.46:953][  0]LogSlate: Updating window title bar state: overlay mode, drag disabled, window buttons hidden, title bar hidden
[2019.06.16-11.36.46:962][  0]LogSlate: Updating window title bar state: overlay mode, drag disabled, window buttons hidden, title bar hidden
[2019.06.16-11.36.46:971][  0]LogSlate: Updating window title bar state: overlay mode, drag disabled, window buttons hidden, title bar hidden
[2019.06.16-11.36.47:014][  0]LogCollectionManager: Loaded 0 collections in 0.004984 seconds
[2019.06.16-11.36.47:091][  0]LogFileCache: Scanning file cache for directory 'D:/KGame/Saved/Collections/' took 0.01s
[2019.06.16-11.36.47:091][  0]LogFileCache: Scanning file cache for directory 'D:/KGame/Content/Developers/KKB/Collections/' took 0.01s
[2019.06.16-11.36.47:092][  0]LogFileCache: Scanning file cache for directory 'D:/KGame/Content/Collections/' took 0.00s
[2019.06.16-11.36.47:092][  0]LogCollectionManager: Rebuilt the GUID cache for 0 collections in 0.000001 seconds
[2019.06.16-11.36.47:108][  0]LogContentBrowser: Native class hierarchy populated in 0.0131 seconds. Added 2758 classes and 664 folders.
[2019.06.16-11.36.47:147][  0]LogContentBrowser: Native class hierarchy updated for 'WidgetCarousel' in 0.0005 seconds. Added 0 classes and 0 folders.
[2019.06.16-11.36.47:159][  0]LogPakFile: Registered encryption key '00000000000000000000000000000000': 0 pak files mounted, 0 remain pending
[2019.06.16-11.36.47:166][  0]LogPakFile: Registered encryption key '00000000000000000000000000000000': 0 pak files mounted, 0 remain pending
[2019.06.16-11.36.47:183][  0]LogPakFile: Registered encryption key '00000000000000000000000000000000': 0 pak files mounted, 0 remain pending
[2019.06.16-11.36.47:191][  0]LogPakFile: Registered encryption key '00000000000000000000000000000000': 0 pak files mounted, 0 remain pending
[2019.06.16-11.36.47:198][  0]LogPakFile: Registered encryption key '00000000000000000000000000000000': 0 pak files mounted, 0 remain pending
[2019.06.16-11.36.47:205][  0]LogPakFile: Registered encryption key '00000000000000000000000000000000': 0 pak files mounted, 0 remain pending
[2019.06.16-11.36.47:211][  0]LogPakFile: Registered encryption key '00000000000000000000000000000000': 0 pak files mounted, 0 remain pending
[2019.06.16-11.36.47:217][  0]LogPakFile: Registered encryption key '00000000000000000000000000000000': 0 pak files mounted, 0 remain pending
[2019.06.16-11.36.47:224][  0]LogPakFile: Registered encryption key '00000000000000000000000000000000': 0 pak files mounted, 0 remain pending
[2019.06.16-11.36.47:232][  0]LogPakFile: Registered encryption key '00000000000000000000000000000000': 0 pak files mounted, 0 remain pending
[2019.06.16-11.36.47:239][  0]LogPakFile: Registered encryption key '00000000000000000000000000000000': 0 pak files mounted, 0 remain pending
[2019.06.16-11.36.47:245][  0]LogPakFile: Registered encryption key '00000000000000000000000000000000': 0 pak files mounted, 0 remain pending
[2019.06.16-11.36.47:252][  0]LogPakFile: Registered encryption key '00000000000000000000000000000000': 0 pak files mounted, 0 remain pending
[2019.06.16-11.36.47:259][  0]LogPakFile: Registered encryption key '00000000000000000000000000000000': 0 pak files mounted, 0 remain pending
[2019.06.16-11.36.47:265][  0]LogPakFile: Registered encryption key '00000000000000000000000000000000': 0 pak files mounted, 0 remain pending
[2019.06.16-11.36.47:271][  0]LogPakFile: Registered encryption key '00000000000000000000000000000000': 0 pak files mounted, 0 remain pending
[2019.06.16-11.36.47:302][  0]LogPakFile: Registered encryption key '00000000000000000000000000000000': 0 pak files mounted, 0 remain pending
[2019.06.16-11.36.47:309][  0]LogPakFile: Registered encryption key '00000000000000000000000000000000': 0 pak files mounted, 0 remain pending
[2019.06.16-11.36.47:315][  0]LogPakFile: Registered encryption key '00000000000000000000000000000000': 0 pak files mounted, 0 remain pending
[2019.06.16-11.36.47:322][  0]LogPakFile: Registered encryption key '00000000000000000000000000000000': 0 pak files mounted, 0 remain pending
[2019.06.16-11.36.47:328][  0]LogPakFile: Registered encryption key '00000000000000000000000000000000': 0 pak files mounted, 0 remain pending
[2019.06.16-11.36.47:335][  0]LogPakFile: Registered encryption key '00000000000000000000000000000000': 0 pak files mounted, 0 remain pending
[2019.06.16-11.36.47:342][  0]LogPakFile: Registered encryption key '00000000000000000000000000000000': 0 pak files mounted, 0 remain pending
[2019.06.16-11.36.47:349][  0]LogPakFile: Registered encryption key '00000000000000000000000000000000': 0 pak files mounted, 0 remain pending
[2019.06.16-11.36.47:355][  0]LogPakFile: Registered encryption key '00000000000000000000000000000000': 0 pak files mounted, 0 remain pending
[2019.06.16-11.36.47:362][  0]LogPakFile: Registered encryption key '00000000000000000000000000000000': 0 pak files mounted, 0 remain pending
[2019.06.16-11.36.47:587][  0]LogContentBrowser: Native class hierarchy updated for 'AddContentDialog' in 0.0005 seconds. Added 0 classes and 0 folders.
[2019.06.16-11.36.47:632][  0]LogContentBrowser: Native class hierarchy updated for 'SceneOutliner' in 0.0005 seconds. Added 1 classes and 2 folders.
[2019.06.16-11.36.47:759][  0]LogSlate: Took 0.006531 seconds to synchronously load lazily loaded font '../../../Engine/Content/Slate/Fonts/Roboto-Regular.ttf' (155K)
[2019.06.16-11.36.47:790][  0]LogSlate: Took 0.028416 seconds to synchronously load lazily loaded font '../../../Engine/Content/Editor/Slate/Fonts/NanumGothic.ttf' (4243K)
[2019.06.16-11.36.47:836][  0]LogSlate: Took 0.041430 seconds to synchronously load lazily loaded font '../../../Engine/Content/Editor/Slate/Fonts/NanumGothicBold.ttf' (4188K)
[2019.06.16-11.36.47:841][  0]LogSlate: Took 0.005332 seconds to synchronously load lazily loaded font '../../../Engine/Content/Slate/Fonts/Roboto-Bold.ttf' (160K)
[2019.06.16-11.36.47:857][  0]LogSlate: Took 0.007442 seconds to synchronously load lazily loaded font '../../../Engine/Content/Editor/Slate/Fonts/FontAwesome.ttf' (139K)
[2019.06.16-11.36.48:056][  0]LogRenderer: Reallocating scene render targets to support 1324x544 Format 10 NumSamples 1 (Frame:1).
[2019.06.16-11.36.48:161][  0]LogSlate: Took 0.006501 seconds to synchronously load lazily loaded font '../../../Engine/Content/Slate/Fonts/Roboto-Light.ttf' (167K)
[2019.06.16-11.36.48:344][  0]LogContentBrowser: Native class hierarchy updated for 'HierarchicalLODOutliner' in 0.0005 seconds. Added 0 classes and 0 folders.
[2019.06.16-11.36.48:344][  0]LogLoad: (Engine Initialization) Total time: 27.10 seconds
[2019.06.16-11.36.48:344][  0]LogLoad: (Engine Initialization) Total Blueprint compile time: 0.00 seconds
[2019.06.16-11.36.48:608][  0]LogContentStreaming: Texture pool size now 1000 MB
[2019.06.16-11.36.48:676][  1]ArenaBattle: Warning: AABPawn::PostInitializeComponents(63)
[2019.06.16-11.36.48:688][  1]LogAssetRegistry: Asset discovery search completed in 16.3623 seconds
[2019.06.16-11.36.48:691][  1]LogCollectionManager: Rebuilt the object cache for 0 collections in 0.000000 seconds (found 0 objects)
[2019.06.16-11.36.48:692][  1]LogCollectionManager: Fixed up redirectors for 0 collections in 0.000577 seconds (updated 0 objects)
[2019.06.16-11.36.48:764][  3]ArenaBattle: Error: UABCharacterStatComponent::SetNewLevel(34) ASSERTION : 'nullptr != ABGameInstance'
[2019.06.16-11.36.52:631][351]LogSlate: FSceneViewport::OnFocusLost() reason 0
[2019.06.16-11.36.55:744][654]LogEditor: Attempting to add actor of class 'ABCharacter' to level at -590.00,330.00,-370.00
[2019.06.16-11.36.56:874][768]LogEditor: Attempting to add actor of class 'ABCharacter' to level at -590.00,330.00,-370.00
[2019.06.16-11.37.07:558][127]LogEditorViewport: Clicking on Actor (LMB): ABCharacter (ABCharacter1)
[2019.06.16-11.37.07:692][138]Cmd: DELETE
[2019.06.16-11.37.07:693][138]Cmd: ACTOR DELETE
[2019.06.16-11.37.07:708][138]LogEditorActor: Deleted Actor: ABCharacter
[2019.06.16-11.37.07:781][138]LogUObjectHash: Compacting FUObjectHashTables data took   1.43ms
[2019.06.16-11.37.07:781][138]LogEditorActor: Deleted 1 Actors (0.083 secs)
[2019.06.16-11.37.08:493][211]LogSlate: FSceneViewport::OnFocusLost() reason 0
[2019.06.16-11.37.08:615][224]LogEditor: Attempting to add actor of class 'ABCharacter' to level at -570.00,360.00,-370.00
[2019.06.16-11.38.01:984][396]LogEditorViewport: Clicking Background
[2019.06.16-11.38.02:606][470]LogEditorViewport: Clicking Background
[2019.06.16-11.38.03:394][544]LogSlate: FSceneViewport::OnFocusLost() reason 0
[2019.06.16-11.38.03:567][563]LogEditor: Attempting to add actor of class 'ABCharacter' to level at -630.00,170.00,-410.00
[2019.06.16-11.38.06:805][689]LogEditorViewport: Clicking Background
[2019.06.16-11.38.07:372][756]LogEditorViewport: Clicking Background
[2019.06.16-11.38.08:524][893]LogEditorViewport: Clicking Background
[2019.06.16-11.38.10:417][ 98]LogSlate: FSceneViewport::OnFocusLost() reason 0
[2019.06.16-11.38.10:543][111]LogEditor: Attempting to add actor of class 'ABCharacter' to level at -390.00,160.00,-520.00
[2019.06.16-11.38.13:340][192]LogSlate: FSceneViewport::OnFocusLost() reason 0
[2019.06.16-11.38.16:388][518]LogSlate: FSceneViewport::OnFocusLost() reason 0
[2019.06.16-11.38.25:817][632]LogSlate: Took 0.000292 seconds to synchronously load lazily loaded font '../../../Engine/Content/Slate/Fonts/Roboto-Light.ttf' (167K)
[2019.06.16-11.38.25:982][632]LogAIModule: Creating AISystem for world Select
[2019.06.16-11.38.26:000][632]LogAssetEditorManager: Opening Asset editor for World /Game/Book/Maps/Select.Select
[2019.06.16-11.38.26:026][632]LogUObjectHash: Compacting FUObjectHashTables data took   2.09ms
[2019.06.16-11.38.27:323][632]LogSlate: Window '콘텐츠 저장' being destroyed
[2019.06.16-11.38.27:328][632]Cmd: MAP LOAD FILE="D:/KGame/Content/Book/Maps/Select.umap" TEMPLATE=0 SHOWPROGRESS=1 FEATURELEVEL=3
[2019.06.16-11.38.27:330][632]LightingResults: New page: 라이팅 빌드
[2019.06.16-11.38.27:331][632]LoadErrors: New page: 맵 로드중: Select.umap
[2019.06.16-11.38.27:331][632]MapCheck: New page: 맵 체크
[2019.06.16-11.38.27:331][632]LightingResults: New page: 라이팅 빌드
[2019.06.16-11.38.27:358][632]LogUObjectHash: Compacting FUObjectHashTables data took   2.08ms
[2019.06.16-11.38.27:425][632]LogEditorServer: Finished looking for orphan Actors (0.000 secs)
[2019.06.16-11.38.27:449][632]LogUObjectHash: Compacting FUObjectHashTables data took   1.15ms
[2019.06.16-11.38.27:471][632]Cmd: MAP CHECKDEP NOCLEARLOG
[2019.06.16-11.38.27:471][632]MapCheck: 맵 체크 완료: 오류 0 회, 경고 0 회, 소요 시간 0.109ms.
[2019.06.16-11.38.27:471][632]LogFileHelpers: Loading map 'Select' took 0.146
[2019.06.16-11.38.31:256][ 54]LogAIModule: Creating AISystem for world Step1
[2019.06.16-11.38.31:260][ 54]LogAssetEditorManager: Opening Asset editor for World /Game/Book/Maps/Step1.Step1
[2019.06.16-11.38.31:285][ 54]LogUObjectHash: Compacting FUObjectHashTables data took   2.26ms
[2019.06.16-11.38.31:286][ 54]Cmd: MAP LOAD FILE="D:/KGame/Content/Book/Maps/Step1.umap" TEMPLATE=0 SHOWPROGRESS=1 FEATURELEVEL=3
[2019.06.16-11.38.31:287][ 54]LightingResults: New page: 라이팅 빌드
[2019.06.16-11.38.31:288][ 54]LoadErrors: New page: 맵 로드중: Step1.umap
[2019.06.16-11.38.31:288][ 54]MapCheck: New page: 맵 체크
[2019.06.16-11.38.31:288][ 54]LightingResults: New page: 라이팅 빌드
[2019.06.16-11.38.31:312][ 54]LogUObjectHash: Compacting FUObjectHashTables data took   1.88ms
[2019.06.16-11.38.31:397][ 54]LogEditorServer: Finished looking for orphan Actors (0.000 secs)
[2019.06.16-11.38.31:422][ 54]LogUObjectHash: Compacting FUObjectHashTables data took   1.72ms
[2019.06.16-11.38.31:443][ 54]Cmd: MAP CHECKDEP NOCLEARLOG
[2019.06.16-11.38.31:443][ 54]MapCheck: 맵 체크 완료: 오류 0 회, 경고 0 회, 소요 시간 0.103ms.
[2019.06.16-11.38.31:443][ 54]LogFileHelpers: Loading map 'Step1' took 0.157
[2019.06.16-11.38.35:626][498]LogEditor: Attempting to add actor of class 'ABCharacter' to level at -350.00,-240.00,88.00
[2019.06.16-11.38.38:483][612]LogSlate: FSceneViewport::OnFocusLost() reason 0
[2019.06.16-11.38.39:060][680]LogEditor: Attempting to add actor of class 'ABCharacter' to level at -370.00,-210.00,88.00
[2019.06.16-11.38.48:401][ 34]LogUnrealEdMisc: Warning: Heartbeat event firing too frequently (48.828 sec). This should never happen. Something is wrong with the timer delegate!
[2019.06.16-11.38.53:522][ 87]LogSlate: FSceneViewport::OnFocusLost() reason 0
[2019.06.16-11.38.53:709][107]LogEditor: Attempting to add actor of class 'ABCharacter' to level at -620.00,-250.00,88.00
[2019.06.16-11.38.54:264][158]LogEditor: Attempting to add actor of class 'ABCharacter' to level at -290.00,-150.00,88.00
[2019.06.16-11.39.04:994][327]LogSlate: FSceneViewport::OnFocusLost() reason 0
[2019.06.16-11.39.05:106][338]LogTemp: Repeating last play command: 선택된 뷰포트
[2019.06.16-11.39.05:119][338]LogBlueprintUserMessages: Early PlayInEditor Detection: Level '/Game/Book/Maps/Step1.Step1:PersistentLevel' has LevelScriptBlueprint '/Game/Book/Maps/Step1.Step1:PersistentLevel.Step1' with GeneratedClass '/Game/Book/Maps/Step1.Step1_C' with ClassGeneratedBy '/Game/Book/Maps/Step1.Step1:PersistentLevel.Step1'
[2019.06.16-11.39.05:121][338]LogPlayLevel: PlayLevel: No blueprints needed recompiling
[2019.06.16-11.39.05:122][338]PIE: New page: PIE 세션: Step1 (2019. 6. 17. 오전 5:39:05)
[2019.06.16-11.39.05:139][338]LogPlayLevel: Creating play world package: /Game/Book/Maps/UEDPIE_0_Step1
[2019.06.16-11.39.05:144][338]LogPlayLevel: PIE: StaticDuplicateObject took: (0.004361s)
[2019.06.16-11.39.05:145][338]LogAIModule: Creating AISystem for world Step1
[2019.06.16-11.39.05:145][338]LogPlayLevel: PIE: World Init took: (0.001489s)
[2019.06.16-11.39.05:145][338]LogPlayLevel: PIE: Created PIE world by copying editor world from /Game/Book/Maps/Step1.Step1 to /Game/Book/Maps/UEDPIE_0_Step1.Step1 (0.006356s)
[2019.06.16-11.39.05:169][338]LogUObjectHash: Compacting FUObjectHashTables data took   1.77ms
[2019.06.16-11.39.05:240][338]LogInit: XAudio2 using '스피커(High Definition Audio 장치)' : 2 channels at 48 kHz using 16 bits per sample (channel mask 0x3)
[2019.06.16-11.39.05:282][338]LogInit: FAudioDevice initialized.
[2019.06.16-11.39.05:691][338]LogSkeletalMesh: Building Skeletal Mesh SK_Mannequin...
[2019.06.16-11.39.05:751][338]LogSkeletalMesh: Built Skeletal Mesh [0.06s] /Game/Mannequin/Character/Mesh/SK_Mannequin.SK_Mannequin
[2019.06.16-11.39.05:759][338]LogLoad: Game class is 'ThirdPersonGameMode_C'
[2019.06.16-11.39.12:847][338]LogWorld: Bringing World /Game/Book/Maps/UEDPIE_0_Step1.Step1 up for play (max tick rate 3) at 2019.06.16-20.39.12
[2019.06.16-11.39.12:849][338]LogWorld: Bringing up level for play took: 7.088533
[2019.06.16-11.39.12:904][338]LogContentBrowser: Native class hierarchy updated for 'MovieSceneCapture' in 0.0013 seconds. Added 20 classes and 0 folders.
[2019.06.16-11.39.12:917][338]ArenaBattle: Error: AABCharacter::SetCharacterState(162) ASSERTION : 'nullptr != ABGameMode'
[2019.06.16-11.39.12:918][338]PIE: /Game/Book/Maps/UEDPIE_0_Step1 에 대한 에디터에서 플레이 시작 시간: 8.197
[2019.06.16-11.39.12:919][338]LogBlueprintUserMessages: Late PlayInEditor Detection: Level '/Game/Book/Maps/Step1.Step1:PersistentLevel' has LevelScriptBlueprint '/Game/Book/Maps/Step1.Step1:PersistentLevel.Step1' with GeneratedClass '/Game/Book/Maps/Step1.Step1_C' with ClassGeneratedBy '/Game/Book/Maps/Step1.Step1:PersistentLevel.Step1'
